<?xml version="1.0" encoding="UTF-8"?>
<!-- Generated by org.testng.reporters.JUnitReportReporter -->
<testsuite skipped="0" hostname="Wolverine" name="validations.GitHubRepoListTests" tests="4" failures="0" timestamp="2021-08-06T15:22:14 IST" time="5.983" errors="0">
  <testcase name="openInstance" time="2.005" classname="validations.GitHubRepoListTests"/>
  <system-out/>
  <testcase name="openRepositoriesTab" time="0.771" classname="validations.GitHubRepoListTests"/>
  <system-out/>
  <testcase name="checkIfOrgHasNoRepositories" time="0.026" classname="validations.GitHubRepoListTests"/>
  <system-out/>
  <testcase name="compareRepositoryNamesWithAPIResponse" time="3.181" classname="validations.GitHubRepoListTests"/>
  <system-out/>
</testsuite> <!-- validations.GitHubRepoListTests -->
